2690751 reads; of these:
  2690751 (100.00%) were unpaired; of these:
    2580277 (95.89%) aligned 0 times
    110474 (4.11%) aligned exactly 1 time
    0 (0.00%) aligned >1 times
4.11% overall alignment rate
2204329 reads; of these:
  2204329 (100.00%) were unpaired; of these:
    2116760 (96.03%) aligned 0 times
    87569 (3.97%) aligned exactly 1 time
    0 (0.00%) aligned >1 times
3.97% overall alignment rate
2939613 reads; of these:
  2939613 (100.00%) were unpaired; of these:
    2830938 (96.30%) aligned 0 times
    108675 (3.70%) aligned exactly 1 time
    0 (0.00%) aligned >1 times
3.70% overall alignment rate
4423251 reads; of these:
  4423251 (100.00%) were unpaired; of these:
    4260565 (96.32%) aligned 0 times
    162686 (3.68%) aligned exactly 1 time
    0 (0.00%) aligned >1 times
3.68% overall alignment rate
3485473 reads; of these:
  3485473 (100.00%) were unpaired; of these:
    3353263 (96.21%) aligned 0 times
    132210 (3.79%) aligned exactly 1 time
    0 (0.00%) aligned >1 times
3.79% overall alignment rate
2557125 reads; of these:
  2557125 (100.00%) were unpaired; of these:
    2457266 (96.09%) aligned 0 times
    99859 (3.91%) aligned exactly 1 time
    0 (0.00%) aligned >1 times
3.91% overall alignment rate
3172917 reads; of these:
  3172917 (100.00%) were unpaired; of these:
    3057070 (96.35%) aligned 0 times
    115847 (3.65%) aligned exactly 1 time
    0 (0.00%) aligned >1 times
3.65% overall alignment rate
2873850 reads; of these:
  2873850 (100.00%) were unpaired; of these:
    2759783 (96.03%) aligned 0 times
    114067 (3.97%) aligned exactly 1 time
    0 (0.00%) aligned >1 times
3.97% overall alignment rate
2772139 reads; of these:
  2772139 (100.00%) were unpaired; of these:
    2659259 (95.93%) aligned 0 times
    112880 (4.07%) aligned exactly 1 time
    0 (0.00%) aligned >1 times
4.07% overall alignment rate
