mkdir: cannot create directory ‘/home/CAM/aeily/tmp/’: File exists
Started analysis of SRR8068137.trimmed.fastq
Approx 5% complete for SRR8068137.trimmed.fastq
Approx 10% complete for SRR8068137.trimmed.fastq
Approx 15% complete for SRR8068137.trimmed.fastq
Approx 20% complete for SRR8068137.trimmed.fastq
Approx 25% complete for SRR8068137.trimmed.fastq
Approx 30% complete for SRR8068137.trimmed.fastq
Approx 35% complete for SRR8068137.trimmed.fastq
Approx 40% complete for SRR8068137.trimmed.fastq
Approx 45% complete for SRR8068137.trimmed.fastq
Approx 50% complete for SRR8068137.trimmed.fastq
Approx 55% complete for SRR8068137.trimmed.fastq
Approx 60% complete for SRR8068137.trimmed.fastq
Approx 65% complete for SRR8068137.trimmed.fastq
Approx 70% complete for SRR8068137.trimmed.fastq
Approx 75% complete for SRR8068137.trimmed.fastq
Approx 80% complete for SRR8068137.trimmed.fastq
Approx 85% complete for SRR8068137.trimmed.fastq
Approx 90% complete for SRR8068137.trimmed.fastq
Approx 95% complete for SRR8068137.trimmed.fastq
Started analysis of SRR8068138.trimmed.fastq
Approx 5% complete for SRR8068138.trimmed.fastq
Approx 10% complete for SRR8068138.trimmed.fastq
Approx 15% complete for SRR8068138.trimmed.fastq
Approx 20% complete for SRR8068138.trimmed.fastq
Approx 25% complete for SRR8068138.trimmed.fastq
Approx 30% complete for SRR8068138.trimmed.fastq
Approx 35% complete for SRR8068138.trimmed.fastq
Approx 40% complete for SRR8068138.trimmed.fastq
Approx 45% complete for SRR8068138.trimmed.fastq
Approx 50% complete for SRR8068138.trimmed.fastq
Approx 55% complete for SRR8068138.trimmed.fastq
Approx 60% complete for SRR8068138.trimmed.fastq
Approx 65% complete for SRR8068138.trimmed.fastq
Approx 70% complete for SRR8068138.trimmed.fastq
Approx 75% complete for SRR8068138.trimmed.fastq
Approx 80% complete for SRR8068138.trimmed.fastq
Approx 85% complete for SRR8068138.trimmed.fastq
Approx 90% complete for SRR8068138.trimmed.fastq
Approx 95% complete for SRR8068138.trimmed.fastq
Started analysis of SRR8068139.trimmed.fastq
Approx 5% complete for SRR8068139.trimmed.fastq
Approx 10% complete for SRR8068139.trimmed.fastq
Approx 15% complete for SRR8068139.trimmed.fastq
Approx 20% complete for SRR8068139.trimmed.fastq
Approx 25% complete for SRR8068139.trimmed.fastq
Approx 30% complete for SRR8068139.trimmed.fastq
Approx 35% complete for SRR8068139.trimmed.fastq
Approx 40% complete for SRR8068139.trimmed.fastq
Approx 45% complete for SRR8068139.trimmed.fastq
Approx 50% complete for SRR8068139.trimmed.fastq
Approx 55% complete for SRR8068139.trimmed.fastq
Approx 60% complete for SRR8068139.trimmed.fastq
Approx 65% complete for SRR8068139.trimmed.fastq
Approx 70% complete for SRR8068139.trimmed.fastq
Approx 75% complete for SRR8068139.trimmed.fastq
Approx 80% complete for SRR8068139.trimmed.fastq
Approx 85% complete for SRR8068139.trimmed.fastq
Approx 90% complete for SRR8068139.trimmed.fastq
Approx 95% complete for SRR8068139.trimmed.fastq
Started analysis of SRR8068140.trimmed.fastq
Approx 5% complete for SRR8068140.trimmed.fastq
Approx 10% complete for SRR8068140.trimmed.fastq
Approx 15% complete for SRR8068140.trimmed.fastq
Approx 20% complete for SRR8068140.trimmed.fastq
Approx 25% complete for SRR8068140.trimmed.fastq
Approx 30% complete for SRR8068140.trimmed.fastq
Approx 35% complete for SRR8068140.trimmed.fastq
Approx 40% complete for SRR8068140.trimmed.fastq
Approx 45% complete for SRR8068140.trimmed.fastq
Approx 50% complete for SRR8068140.trimmed.fastq
Approx 55% complete for SRR8068140.trimmed.fastq
Approx 60% complete for SRR8068140.trimmed.fastq
Approx 65% complete for SRR8068140.trimmed.fastq
Approx 70% complete for SRR8068140.trimmed.fastq
Approx 75% complete for SRR8068140.trimmed.fastq
Approx 80% complete for SRR8068140.trimmed.fastq
Approx 85% complete for SRR8068140.trimmed.fastq
Approx 90% complete for SRR8068140.trimmed.fastq
Approx 95% complete for SRR8068140.trimmed.fastq
Started analysis of SRR8068141.trimmed.fastq
Approx 5% complete for SRR8068141.trimmed.fastq
Approx 10% complete for SRR8068141.trimmed.fastq
Approx 15% complete for SRR8068141.trimmed.fastq
Approx 20% complete for SRR8068141.trimmed.fastq
Approx 25% complete for SRR8068141.trimmed.fastq
Approx 30% complete for SRR8068141.trimmed.fastq
Approx 35% complete for SRR8068141.trimmed.fastq
Approx 40% complete for SRR8068141.trimmed.fastq
Approx 45% complete for SRR8068141.trimmed.fastq
Approx 50% complete for SRR8068141.trimmed.fastq
Approx 55% complete for SRR8068141.trimmed.fastq
Approx 60% complete for SRR8068141.trimmed.fastq
Approx 65% complete for SRR8068141.trimmed.fastq
Approx 70% complete for SRR8068141.trimmed.fastq
Approx 75% complete for SRR8068141.trimmed.fastq
Approx 80% complete for SRR8068141.trimmed.fastq
Approx 85% complete for SRR8068141.trimmed.fastq
Approx 90% complete for SRR8068141.trimmed.fastq
Approx 95% complete for SRR8068141.trimmed.fastq
Started analysis of SRR8068142.trimmed.fastq
Approx 5% complete for SRR8068142.trimmed.fastq
Approx 10% complete for SRR8068142.trimmed.fastq
Approx 15% complete for SRR8068142.trimmed.fastq
Approx 20% complete for SRR8068142.trimmed.fastq
Approx 25% complete for SRR8068142.trimmed.fastq
Approx 30% complete for SRR8068142.trimmed.fastq
Approx 35% complete for SRR8068142.trimmed.fastq
Approx 40% complete for SRR8068142.trimmed.fastq
Approx 45% complete for SRR8068142.trimmed.fastq
Approx 50% complete for SRR8068142.trimmed.fastq
Approx 55% complete for SRR8068142.trimmed.fastq
Approx 60% complete for SRR8068142.trimmed.fastq
Approx 65% complete for SRR8068142.trimmed.fastq
Approx 70% complete for SRR8068142.trimmed.fastq
Approx 75% complete for SRR8068142.trimmed.fastq
Approx 80% complete for SRR8068142.trimmed.fastq
Approx 85% complete for SRR8068142.trimmed.fastq
Approx 90% complete for SRR8068142.trimmed.fastq
Approx 95% complete for SRR8068142.trimmed.fastq
Started analysis of SRR8068144.trimmed.fastq
Approx 5% complete for SRR8068144.trimmed.fastq
Approx 10% complete for SRR8068144.trimmed.fastq
Approx 15% complete for SRR8068144.trimmed.fastq
Approx 20% complete for SRR8068144.trimmed.fastq
Approx 25% complete for SRR8068144.trimmed.fastq
Approx 30% complete for SRR8068144.trimmed.fastq
Approx 35% complete for SRR8068144.trimmed.fastq
Approx 40% complete for SRR8068144.trimmed.fastq
Approx 45% complete for SRR8068144.trimmed.fastq
Approx 50% complete for SRR8068144.trimmed.fastq
Approx 55% complete for SRR8068144.trimmed.fastq
Approx 60% complete for SRR8068144.trimmed.fastq
Approx 65% complete for SRR8068144.trimmed.fastq
Approx 70% complete for SRR8068144.trimmed.fastq
Approx 75% complete for SRR8068144.trimmed.fastq
Approx 80% complete for SRR8068144.trimmed.fastq
Approx 85% complete for SRR8068144.trimmed.fastq
Approx 90% complete for SRR8068144.trimmed.fastq
Approx 95% complete for SRR8068144.trimmed.fastq
Started analysis of SRR8068147.trimmed.fastq
Approx 5% complete for SRR8068147.trimmed.fastq
Approx 10% complete for SRR8068147.trimmed.fastq
Approx 15% complete for SRR8068147.trimmed.fastq
Approx 20% complete for SRR8068147.trimmed.fastq
Approx 25% complete for SRR8068147.trimmed.fastq
Approx 30% complete for SRR8068147.trimmed.fastq
Approx 35% complete for SRR8068147.trimmed.fastq
Approx 40% complete for SRR8068147.trimmed.fastq
Approx 45% complete for SRR8068147.trimmed.fastq
Approx 50% complete for SRR8068147.trimmed.fastq
Approx 55% complete for SRR8068147.trimmed.fastq
Approx 60% complete for SRR8068147.trimmed.fastq
Approx 65% complete for SRR8068147.trimmed.fastq
Approx 70% complete for SRR8068147.trimmed.fastq
Approx 75% complete for SRR8068147.trimmed.fastq
Approx 80% complete for SRR8068147.trimmed.fastq
Approx 85% complete for SRR8068147.trimmed.fastq
Approx 90% complete for SRR8068147.trimmed.fastq
Approx 95% complete for SRR8068147.trimmed.fastq
Started analysis of SRR8068148.trimmed.fastq
Approx 5% complete for SRR8068148.trimmed.fastq
Approx 10% complete for SRR8068148.trimmed.fastq
Approx 15% complete for SRR8068148.trimmed.fastq
Approx 20% complete for SRR8068148.trimmed.fastq
Approx 25% complete for SRR8068148.trimmed.fastq
Approx 30% complete for SRR8068148.trimmed.fastq
Approx 35% complete for SRR8068148.trimmed.fastq
Approx 40% complete for SRR8068148.trimmed.fastq
Approx 45% complete for SRR8068148.trimmed.fastq
Approx 50% complete for SRR8068148.trimmed.fastq
Approx 55% complete for SRR8068148.trimmed.fastq
Approx 60% complete for SRR8068148.trimmed.fastq
Approx 65% complete for SRR8068148.trimmed.fastq
Approx 70% complete for SRR8068148.trimmed.fastq
Approx 75% complete for SRR8068148.trimmed.fastq
Approx 80% complete for SRR8068148.trimmed.fastq
Approx 85% complete for SRR8068148.trimmed.fastq
Approx 90% complete for SRR8068148.trimmed.fastq
Approx 95% complete for SRR8068148.trimmed.fastq
[INFO   ]         multiqc : This is MultiQC v1.1dev
[INFO   ]         multiqc : Template    : default
[INFO   ]         multiqc : Searching '.'
[INFO   ]          fastqc : Found 9 reports
[INFO   ]         multiqc : Compressing plot data
[INFO   ]         multiqc : Report      : multiqc_report.html
[INFO   ]         multiqc : Data        : multiqc_data
[INFO   ]         multiqc : MultiQC complete
