2690751 reads; of these:
  2690751 (100.00%) were unpaired; of these:
    2667928 (99.15%) aligned 0 times
    5118 (0.19%) aligned exactly 1 time
    17705 (0.66%) aligned >1 times
0.85% overall alignment rate
2204329 reads; of these:
  2204329 (100.00%) were unpaired; of these:
    2187412 (99.23%) aligned 0 times
    5159 (0.23%) aligned exactly 1 time
    11758 (0.53%) aligned >1 times
0.77% overall alignment rate
2939613 reads; of these:
  2939613 (100.00%) were unpaired; of these:
    2915134 (99.17%) aligned 0 times
    6459 (0.22%) aligned exactly 1 time
    18020 (0.61%) aligned >1 times
0.83% overall alignment rate
4423251 reads; of these:
  4423251 (100.00%) were unpaired; of these:
    4377638 (98.97%) aligned 0 times
    10072 (0.23%) aligned exactly 1 time
    35541 (0.80%) aligned >1 times
1.03% overall alignment rate
3485473 reads; of these:
  3485473 (100.00%) were unpaired; of these:
    3449609 (98.97%) aligned 0 times
    10247 (0.29%) aligned exactly 1 time
    25617 (0.73%) aligned >1 times
1.03% overall alignment rate
2557125 reads; of these:
  2557125 (100.00%) were unpaired; of these:
    2537439 (99.23%) aligned 0 times
    4842 (0.19%) aligned exactly 1 time
    14844 (0.58%) aligned >1 times
0.77% overall alignment rate
3172917 reads; of these:
  3172917 (100.00%) were unpaired; of these:
    3149712 (99.27%) aligned 0 times
    6276 (0.20%) aligned exactly 1 time
    16929 (0.53%) aligned >1 times
0.73% overall alignment rate
2873850 reads; of these:
  2873850 (100.00%) were unpaired; of these:
    2851732 (99.23%) aligned 0 times
    6398 (0.22%) aligned exactly 1 time
    15720 (0.55%) aligned >1 times
0.77% overall alignment rate
2772139 reads; of these:
  2772139 (100.00%) were unpaired; of these:
    2753971 (99.34%) aligned 0 times
    6061 (0.22%) aligned exactly 1 time
    12107 (0.44%) aligned >1 times
0.66% overall alignment rate
